<?xml version="1.0" encoding="UTF-8"?>
<Site BuildName="(empty)"
	BuildStamp="20250922-1048-Experimental"
	Name="(empty)"
	Generator="ctest-4.1.1"
	CompilerName=""
	CompilerVersion=""
	OSName="Windows"
	Hostname="LAPTOP-SF73915J"
	OSRelease=" Personal"
	OSVersion=" (Build 19045)"
	OSPlatform="AMD64"
	Is64Bits="1"
	VendorString="AuthenticAMD"
	VendorID="Advanced Micro Devices"
	FamilyID="15"
	ModelID="0"
	ModelName="AMD Ryzen 7 5800HS with Radeon Graphics"
	ProcessorCacheSize="64"
	NumberOfLogicalCPU="16"
	NumberOfPhysicalCPU="8"
	TotalVirtualMemory="30112"
	TotalPhysicalMemory="15776"
	LogicalProcessorsPerPhysical="2"
	ProcessorClockFrequency="3201"
	>
	<Testing>
		<StartDateTime>Jan 05 16:37 West-Europa (standaardtijd)</StartDateTime>
		<StartTestTime>1767627428</StartTestTime>
		<TestList/>
		<EndDateTime>Jan 05 16:37 West-Europa (standaardtijd)</EndDateTime>
		<EndTestTime>1767627428</EndTestTime>
		<ElapsedMinutes>0</ElapsedMinutes>
	</Testing>
</Site>
